<?xml version="1.0" encoding="UTF-8"?>
<!-- Generated by org.testng.reporters.JUnitReportReporter -->
<testsuite hostname="DESKTOP-ICBESEQ" failures="0" tests="1" name="Assert_class_method.assert_equals" time="0.018" errors="0" timestamp="2023-01-08T14:09:56 IST" skipped="0">
  <testcase classname="Assert_class_method.assert_equals" name="m1" time="0.018"/>
  <system-out/>
</testsuite> <!-- Assert_class_method.assert_equals -->
