<?xml version="1.0" encoding="UTF-8"?>
<!-- Generated by org.testng.reporters.JUnitReportReporter -->
<testsuite hostname="DESKTOP-ICBESEQ" failures="0" tests="1" name="Test_NG.Timeouts" time="0.017" errors="0" timestamp="2023-01-04T22:41:18 IST" skipped="0">
  <testcase classname="Test_NG.Timeouts" name="TC2" time="0.017"/>
  <system-out>
    <![CDATA[it my secind programe in test ng ]]>
  </system-out>
</testsuite> <!-- Test_NG.Timeouts -->
