<?xml version="1.0" encoding="UTF-8"?>
<!-- Generated by org.testng.reporters.JUnitReportReporter -->
<testsuite hostname="DESKTOP-ICBESEQ" failures="0" tests="3" name="Test_NG.Sample2" time="0.008" errors="0" timestamp="2023-01-02T22:27:03 IST" skipped="0">
  <testcase classname="Test_NG.Sample2" name="TC4" time="0.002"/>
  <system-out>
    <![CDATA[running tc 4]]>
  </system-out>
  <testcase classname="Test_NG.Sample2" name="TC5" time="0.002"/>
  <system-out>
    <![CDATA[running tc 5]]>
  </system-out>
  <testcase classname="Test_NG.Sample2" name="TC6" time="0.004"/>
  <system-out>
    <![CDATA[running tc 6]]>
  </system-out>
</testsuite> <!-- Test_NG.Sample2 -->
