<?xml version="1.0" encoding="UTF-8"?>
<!-- Generated by org.testng.reporters.JUnitReportReporter -->
<testsuite hostname="DESKTOP-ICBESEQ" failures="0" tests="2" name="TestNG_1.Multi_Suit" time="22.645" errors="0" timestamp="2023-01-03T23:47:54 IST" skipped="0">
  <testcase classname="TestNG_1.Multi_Suit" name="TC" time="10.640"/>
  <system-out/>
  <testcase classname="TestNG_1.Multi_Suit" name="TC" time="12.005"/>
  <system-out/>
</testsuite> <!-- TestNG_1.Multi_Suit -->
