<?xml version="1.0" encoding="UTF-8"?>
<!-- Generated by org.testng.reporters.JUnitReportReporter -->
<testsuite hostname="DESKTOP-ICBESEQ" failures="0" tests="2" name="TestNG_1_multibrowser.Multi_browser" time="27.877" errors="0" timestamp="2023-01-04T23:45:49 IST" skipped="0">
  <testcase classname="TestNG_1_multibrowser.Multi_browser" name="TC" time="18.772"/>
  <system-out/>
  <testcase classname="TestNG_1_multibrowser.Multi_browser" name="TC" time="9.105"/>
  <system-out/>
</testsuite> <!-- TestNG_1_multibrowser.Multi_browser -->
