<?xml version="1.0" encoding="UTF-8"?>
<!-- Generated by org.testng.reporters.JUnitReportReporter -->
<testsuite hostname="DESKTOP-ICBESEQ" failures="0" tests="1" name="Test_NG.Test2" time="9.338" errors="0" timestamp="2022-12-27T22:42:19 IST" skipped="0">
  <testcase classname="Test_NG.Test2" name="TC1" time="9.338"/>
  <system-out>
    <![CDATA[its chatrapati Shivaji University Kolhapur]]>
  </system-out>
</testsuite> <!-- Test_NG.Test2 -->
