<?xml version="1.0" encoding="UTF-8"?>
<!-- Generated by org.testng.reporters.JUnitReportReporter -->
<testsuite hostname="DESKTOP-ICBESEQ" failures="0" tests="1" name="Test_NG.TestngAnnotation" time="0.011" errors="0" timestamp="2022-12-29T15:29:36 IST" skipped="0">
  <testcase classname="Test_NG.TestngAnnotation" name="TC3" time="0.011"/>
  <system-out>
    <![CDATA[i am test class]]>
  </system-out>
</testsuite> <!-- Test_NG.TestngAnnotation -->
