<?xml version="1.0" encoding="UTF-8"?>
<!-- Generated by org.testng.reporters.JUnitReportReporter -->
<testsuite hostname="DESKTOP-ICBESEQ" failures="0" tests="1" name="Test_NG.Parallel3" time="64.562" errors="0" timestamp="2023-01-02T23:01:28 IST" skipped="0">
  <testcase classname="Test_NG.Parallel3" name="TC3" time="64.562"/>
  <system-out/>
</testsuite> <!-- Test_NG.Parallel3 -->
