<?xml version="1.0" encoding="UTF-8"?>
<!-- Generated by org.testng.reporters.JUnitReportReporter -->
<testsuite hostname="DESKTOP-ICBESEQ" failures="0" tests="3" name="Test_NG.Sample1" time="0.022" errors="0" timestamp="2023-01-02T22:27:03 IST" skipped="0">
  <testcase classname="Test_NG.Sample1" name="TC2" time="0.003"/>
  <system-out>
    <![CDATA[running tc 2]]>
  </system-out>
  <testcase classname="Test_NG.Sample1" name="TC3" time="0.002"/>
  <system-out>
    <![CDATA[running tc 3]]>
  </system-out>
  <testcase classname="Test_NG.Sample1" name="TC1" time="0.017"/>
  <system-out>
    <![CDATA[running tc 1]]>
  </system-out>
</testsuite> <!-- Test_NG.Sample1 -->
