<?xml version="1.0" encoding="UTF-8"?>
<!-- Generated by org.testng.reporters.JUnitReportReporter -->
<testsuite hostname="DESKTOP-ICBESEQ" failures="0" tests="2" name="Test_NG.Enabled" time="0.017" errors="0" timestamp="2023-01-02T20:49:56 IST" skipped="1">
  <testcase classname="Test_NG.Enabled" name="TC1" time="0.017"/>
  <system-out>
    <![CDATA[its my first program in test ng]]>
  </system-out>
  <testcase classname="Test_NG.Enabled" name="TC2">
    <skipped/>
  </testcase> <!-- TC2 -->
  <system-out/>
</testsuite> <!-- Test_NG.Enabled -->
