<?xml version="1.0" encoding="UTF-8"?>
<!-- Generated by org.testng.reporters.JUnitReportReporter -->
<testsuite hostname="DESKTOP-ICBESEQ" failures="0" tests="3" name="Test_NG.Sample3" time="0.006" errors="0" timestamp="2023-01-02T22:27:03 IST" skipped="0">
  <testcase classname="Test_NG.Sample3" name="TC7" time="0.003"/>
  <system-out>
    <![CDATA[running tc 7]]>
  </system-out>
  <testcase classname="Test_NG.Sample3" name="TC9" time="0.001"/>
  <system-out>
    <![CDATA[running tc 9]]>
  </system-out>
  <testcase classname="Test_NG.Sample3" name="TC8" time="0.002"/>
  <system-out>
    <![CDATA[running tc 8]]>
  </system-out>
</testsuite> <!-- Test_NG.Sample3 -->
