<?xml version="1.0" encoding="UTF-8"?>
<!-- Generated by org.testng.reporters.JUnitReportReporter -->
<testsuite hostname="DESKTOP-ICBESEQ" failures="0" tests="2" name="Test_NG.Test3" time="16.306" errors="0" timestamp="2022-12-27T22:49:48 IST" skipped="0">
  <testcase classname="Test_NG.Test3" name="TC2" time="8.417"/>
  <system-out>
    <![CDATA[its google]]>
  </system-out>
  <testcase classname="Test_NG.Test3" name="TC1" time="7.889"/>
  <system-out>
    <![CDATA[its screenshot ]]>
  </system-out>
</testsuite> <!-- Test_NG.Test3 -->
