<?xml version="1.0" encoding="UTF-8"?>
<!-- Generated by org.testng.reporters.JUnitReportReporter -->
<testsuite hostname="DESKTOP-ICBESEQ" failures="0" tests="3" name="Test_NG.Priority1" time="0.026" errors="0" timestamp="2023-01-02T20:45:59 IST" skipped="0">
  <testcase classname="Test_NG.Priority1" name="Ayush" time="0.016"/>
  <system-out>
    <![CDATA[running Ayush ]]>
  </system-out>
  <testcase classname="Test_NG.Priority1" name="Swara" time="0.006"/>
  <system-out>
    <![CDATA[running swara ]]>
  </system-out>
  <testcase classname="Test_NG.Priority1" name="Kedar" time="0.004"/>
  <system-out>
    <![CDATA[running kedar ]]>
  </system-out>
</testsuite> <!-- Test_NG.Priority1 -->
