<?xml version="1.0" encoding="UTF-8"?>
<!-- Generated by org.testng.reporters.JUnitReportReporter -->
<testsuite hostname="DESKTOP-ICBESEQ" failures="0" tests="2" name="Test_NG.Test6" time="0.023" errors="0" timestamp="2022-12-27T23:29:55 IST" skipped="0">
  <testcase classname="Test_NG.Test6" name="TC2" time="0.003"/>
  <system-out>
    <![CDATA[tc 2nd]]>
  </system-out>
  <testcase classname="Test_NG.Test6" name="TC1" time="0.020"/>
  <system-out>
    <![CDATA[tc 1st ]]>
  </system-out>
</testsuite> <!-- Test_NG.Test6 -->
