<?xml version="1.0" encoding="UTF-8"?>
<!-- Generated by org.testng.reporters.JUnitReportReporter -->
<testsuite hostname="DESKTOP-ICBESEQ" failures="0" tests="1" name="Test_NG.Parallel2" time="20.849" errors="0" timestamp="2023-01-02T23:01:28 IST" skipped="0">
  <testcase classname="Test_NG.Parallel2" name="TC2" time="20.849"/>
  <system-out/>
</testsuite> <!-- Test_NG.Parallel2 -->
