<?xml version="1.0" encoding="UTF-8"?>
<!-- Generated by org.testng.reporters.JUnitReportReporter -->
<testsuite hostname="DESKTOP-ICBESEQ" failures="0" tests="6" name="Test_NG.Test4" time="58.122" errors="0" timestamp="2022-12-27T23:17:58 IST" skipped="0">
  <testcase classname="Test_NG.Test4" name="TC6" time="0.004"/>
  <system-out>
    <![CDATA[its my 6th test case ]]>
  </system-out>
  <testcase classname="Test_NG.Test4" name="TC1" time="0.017"/>
  <system-out>
    <![CDATA[hii i am pramod ]]>
  </system-out>
  <testcase classname="Test_NG.Test4" name="TC3" time="6.841"/>
  <system-out>
    <![CDATA[indian post office]]>
  </system-out>
  <testcase classname="Test_NG.Test4" name="TC5" time="0.003"/>
  <system-out>
    <![CDATA[its my 5th test case ]]>
  </system-out>
  <testcase classname="Test_NG.Test4" name="TC2" time="51.250"/>
  <system-out>
    <![CDATA[flipkart only]]>
  </system-out>
  <testcase classname="Test_NG.Test4" name="TC4" time="0.007"/>
  <system-out>
    <![CDATA[this is my 4th test case ]]>
  </system-out>
</testsuite> <!-- Test_NG.Test4 -->
