<?xml version="1.0" encoding="UTF-8"?>
<!-- Generated by org.testng.reporters.JUnitReportReporter -->
<testsuite hostname="DESKTOP-ICBESEQ" failures="0" tests="10" name="Test_NG.Invocation" time="0.043" errors="0" timestamp="2022-12-29T15:32:03 IST" skipped="0">
  <testcase classname="Test_NG.Invocation" name="TC1" time="0.008"/>
  <system-out>
    <![CDATA[invocation means repeat the code ]]>
  </system-out>
  <testcase classname="Test_NG.Invocation" name="TC1" time="0.005"/>
  <system-out>
    <![CDATA[invocation means repeat the code ]]>
  </system-out>
  <testcase classname="Test_NG.Invocation" name="TC1" time="0.001"/>
  <system-out>
    <![CDATA[invocation means repeat the code ]]>
  </system-out>
  <testcase classname="Test_NG.Invocation" name="TC1" time="0.002"/>
  <system-out>
    <![CDATA[invocation means repeat the code ]]>
  </system-out>
  <testcase classname="Test_NG.Invocation" name="TC1" time="0.001"/>
  <system-out>
    <![CDATA[invocation means repeat the code ]]>
  </system-out>
  <testcase classname="Test_NG.Invocation" name="TC1" time="0.002"/>
  <system-out>
    <![CDATA[invocation means repeat the code ]]>
  </system-out>
  <testcase classname="Test_NG.Invocation" name="TC1" time="0.002"/>
  <system-out>
    <![CDATA[invocation means repeat the code ]]>
  </system-out>
  <testcase classname="Test_NG.Invocation" name="TC1" time="0.018"/>
  <system-out>
    <![CDATA[invocation means repeat the code ]]>
  </system-out>
  <testcase classname="Test_NG.Invocation" name="TC1" time="0.002"/>
  <system-out>
    <![CDATA[invocation means repeat the code ]]>
  </system-out>
  <testcase classname="Test_NG.Invocation" name="TC1" time="0.002"/>
  <system-out>
    <![CDATA[invocation means repeat the code ]]>
  </system-out>
</testsuite> <!-- Test_NG.Invocation -->
