<?xml version="1.0" encoding="UTF-8"?>
<!-- Generated by org.testng.reporters.JUnitReportReporter -->
<testsuite hostname="DESKTOP-ICBESEQ" failures="0" tests="1" name="Pagefactory_testNG.Test1" time="7.884" errors="0" timestamp="2023-01-11T23:14:06 IST" skipped="0">
  <testcase classname="Pagefactory_testNG.Test1" name="verifytext" time="7.884"/>
  <system-out>
    <![CDATA[running verify text]]>
  </system-out>
</testsuite> <!-- Pagefactory_testNG.Test1 -->
