<?xml version="1.0" encoding="UTF-8"?>
<!-- Generated by org.testng.reporters.JUnitReportReporter -->
<testsuite hostname="DESKTOP-ICBESEQ" failures="0" tests="3" name="Test_NG.Priority" time="0.020" errors="0" timestamp="2023-01-02T20:41:07 IST" skipped="0">
  <testcase classname="Test_NG.Priority" name="Prashant" time="0.016"/>
  <system-out>
    <![CDATA[tc number 3]]>
  </system-out>
  <testcase classname="Test_NG.Priority" name="Poonam" time="0.002"/>
  <system-out>
    <![CDATA[tc number 2]]>
  </system-out>
  <testcase classname="Test_NG.Priority" name="Pramod" time="0.002"/>
  <system-out>
    <![CDATA[tc one]]>
  </system-out>
</testsuite> <!-- Test_NG.Priority -->
