<?xml version="1.0" encoding="UTF-8"?>
<!-- Generated by org.testng.reporters.JUnitReportReporter -->
<testsuite hostname="DESKTOP-ICBESEQ" failures="0" tests="1" name="Test_NG.Parallel1" time="22.216" errors="0" timestamp="2023-01-02T23:01:28 IST" skipped="0">
  <testcase classname="Test_NG.Parallel1" name="TC1" time="22.216"/>
  <system-out/>
</testsuite> <!-- Test_NG.Parallel1 -->
